<?xml version="1.0" encoding="UTF-8"?>
<!-- Generated by org.testng.reporters.JUnitReportReporter -->
<testsuite hostname="ASDP1512PO01976" name="com.qait.android.TestChrome2" tests="1" failures="0" timestamp="29 Jul 2019 05:32:30 GMT" time="7.745" errors="0">
  <testcase name="launchGmail" time="7.745" classname="com.qait.android.TestChrome2"/>
</testsuite> <!-- com.qait.android.TestChrome2 -->
