<?xml version="1.0" encoding="UTF-8"?>
<!-- Generated by org.testng.reporters.JUnitReportReporter -->
<testsuite hostname="ASDP1512PO01976" name="com.qait.android.TestChrome" tests="1" failures="0" timestamp="29 Jul 2019 05:31:57 GMT" time="15.270" errors="0">
  <testcase name="launchHRISPortal" time="15.270" classname="com.qait.android.TestChrome"/>
</testsuite> <!-- com.qait.android.TestChrome -->
